2023-02-10 11:17:02,114 INFO  [restartedMain] com.tpe.SpringBootIntroLstApplications:Starting SpringBootIntroLstApplications using Java 11.0.16 on Abide-MacBook-Pro.fritz.box with PID 79009 (/Users/abidehalidekaradag/eclipse-workspace/SpringBootIntroLst/target/classes started by abidehalidekaradag in /Users/abidehalidekaradag/eclipse-workspace/SpringBootIntroLst)
2023-02-10 11:17:02,120 INFO  [restartedMain] com.tpe.SpringBootIntroLstApplications:No active profile set, falling back to default profiles: default
2023-02-10 11:17:02,172 INFO  [restartedMain] org.springframework.boot.devtools.env.DevToolsPropertyDefaultsPostProcessor:Devtools property defaults active! Set 'spring.devtools.add-properties' to 'false' to disable
2023-02-10 11:17:02,173 INFO  [restartedMain] org.springframework.boot.devtools.env.DevToolsPropertyDefaultsPostProcessor:For additional web related logging consider setting the 'logging.level.web' property to 'DEBUG'
2023-02-10 11:17:02,624 INFO  [restartedMain] org.springframework.data.repository.config.RepositoryConfigurationDelegate:Bootstrapping Spring Data JPA repositories in DEFAULT mode.
2023-02-10 11:17:02,645 INFO  [restartedMain] org.springframework.data.repository.config.RepositoryConfigurationDelegate:Finished Spring Data repository scanning in 17 ms. Found 1 JPA repository interfaces.
2023-02-10 11:17:02,898 INFO  [restartedMain] org.springframework.boot.web.embedded.tomcat.TomcatWebServer:Tomcat initialized with port(s): 8080 (http)
2023-02-10 11:17:02,902 INFO  [restartedMain] org.apache.catalina.core.StandardService:Starting service [Tomcat]
2023-02-10 11:17:02,903 INFO  [restartedMain] org.apache.catalina.core.StandardEngine:Starting Servlet engine: [Apache Tomcat/9.0.56]
2023-02-10 11:17:02,927 INFO  [restartedMain] org.apache.catalina.core.ContainerBase.[Tomcat].[localhost].[/]:Initializing Spring embedded WebApplicationContext
2023-02-10 11:17:02,927 INFO  [restartedMain] org.springframework.boot.web.servlet.context.ServletWebServerApplicationContext:Root WebApplicationContext: initialization completed in 754 ms
2023-02-10 11:17:03,035 INFO  [restartedMain] org.hibernate.jpa.internal.util.LogHelper:HHH000204: Processing PersistenceUnitInfo [name: default]
2023-02-10 11:17:03,054 INFO  [restartedMain] org.hibernate.Version:HHH000412: Hibernate ORM core version 5.6.4.Final
2023-02-10 11:17:03,104 INFO  [restartedMain] org.hibernate.annotations.common.Version:HCANN000001: Hibernate Commons Annotations {5.1.2.Final}
2023-02-10 11:17:03,137 INFO  [restartedMain] com.zaxxer.hikari.HikariDataSource:HikariPool-1 - Starting...
2023-02-10 11:17:03,262 INFO  [restartedMain] com.zaxxer.hikari.HikariDataSource:HikariPool-1 - Start completed.
2023-02-10 11:17:03,277 INFO  [restartedMain] org.hibernate.dialect.Dialect:HHH000400: Using dialect: org.hibernate.dialect.PostgreSQLDialect
2023-02-10 11:17:03,653 INFO  [restartedMain] org.hibernate.engine.transaction.jta.platform.internal.JtaPlatformInitiator:HHH000490: Using JtaPlatform implementation: [org.hibernate.engine.transaction.jta.platform.internal.NoJtaPlatform]
2023-02-10 11:17:03,658 INFO  [restartedMain] org.springframework.orm.jpa.LocalContainerEntityManagerFactoryBean:Initialized JPA EntityManagerFactory for persistence unit 'default'
2023-02-10 11:17:03,883 WARN  [restartedMain] org.springframework.boot.autoconfigure.orm.jpa.JpaBaseConfiguration$JpaWebConfiguration:spring.jpa.open-in-view is enabled by default. Therefore, database queries may be performed during view rendering. Explicitly configure spring.jpa.open-in-view to disable this warning
2023-02-10 11:17:04,085 INFO  [restartedMain] org.springframework.boot.autoconfigure.security.servlet.UserDetailsServiceAutoConfiguration:

Using generated security password: 39862cf4-7048-4a60-845e-a9accc2d2ebe

2023-02-10 11:17:04,142 INFO  [restartedMain] org.springframework.boot.actuate.endpoint.web.EndpointLinksResolver:Exposing 4 endpoint(s) beneath base path '/actuator'
2023-02-10 11:17:04,150 INFO  [restartedMain] org.springframework.security.web.DefaultSecurityFilterChain:Will secure any request with [org.springframework.security.web.context.request.async.WebAsyncManagerIntegrationFilter@31003919, org.springframework.security.web.context.SecurityContextPersistenceFilter@7330a81a, org.springframework.security.web.header.HeaderWriterFilter@21fe1aff, org.springframework.web.filter.CorsFilter@591ef1f7, org.springframework.security.web.csrf.CsrfFilter@70847973, org.springframework.security.web.authentication.logout.LogoutFilter@2bf869b9, org.springframework.security.web.authentication.UsernamePasswordAuthenticationFilter@507c5692, org.springframework.security.web.authentication.ui.DefaultLoginPageGeneratingFilter@662834bd, org.springframework.security.web.authentication.ui.DefaultLogoutPageGeneratingFilter@2bad451f, org.springframework.security.web.authentication.www.BasicAuthenticationFilter@70f05635, org.springframework.security.web.savedrequest.RequestCacheAwareFilter@1207eada, org.springframework.security.web.servletapi.SecurityContextHolderAwareRequestFilter@73941d43, org.springframework.security.web.authentication.AnonymousAuthenticationFilter@28365f3f, org.springframework.security.web.session.SessionManagementFilter@4d8695bf, org.springframework.security.web.access.ExceptionTranslationFilter@4801518b, org.springframework.security.web.access.intercept.FilterSecurityInterceptor@4ffdf6af]
2023-02-10 11:17:04,181 INFO  [restartedMain] org.springframework.boot.devtools.autoconfigure.OptionalLiveReloadServer:LiveReload server is running on port 35729
2023-02-10 11:17:04,206 INFO  [restartedMain] org.springframework.boot.web.embedded.tomcat.TomcatWebServer:Tomcat started on port(s): 8080 (http) with context path ''
2023-02-10 11:17:04,216 INFO  [restartedMain] com.tpe.SpringBootIntroLstApplications:Started SpringBootIntroLstApplications in 2.484 seconds (JVM running for 3.076)
2023-02-10 11:17:04,604 INFO  [RMI TCP Connection(1)-192.168.178.70] org.apache.catalina.core.ContainerBase.[Tomcat].[localhost].[/]:Initializing Spring DispatcherServlet 'dispatcherServlet'
2023-02-10 11:18:06,797 INFO  [SpringApplicationShutdownHook] org.springframework.orm.jpa.LocalContainerEntityManagerFactoryBean:Closing JPA EntityManagerFactory for persistence unit 'default'
2023-02-10 11:18:06,801 INFO  [SpringApplicationShutdownHook] com.zaxxer.hikari.HikariDataSource:HikariPool-1 - Shutdown initiated...
2023-02-10 11:18:06,803 INFO  [SpringApplicationShutdownHook] com.zaxxer.hikari.HikariDataSource:HikariPool-1 - Shutdown completed.
2023-02-10 11:21:48,735 INFO  [restartedMain] com.tpe.SpringBootIntroLstApplications:Starting SpringBootIntroLstApplications using Java 11.0.16 on Abide-MacBook-Pro.fritz.box with PID 79440 (/Users/abidehalidekaradag/eclipse-workspace/SpringBootIntroLst/target/classes started by abidehalidekaradag in /Users/abidehalidekaradag/eclipse-workspace/SpringBootIntroLst)
2023-02-10 11:21:48,736 INFO  [restartedMain] com.tpe.SpringBootIntroLstApplications:No active profile set, falling back to default profiles: default
2023-02-10 11:21:48,757 INFO  [restartedMain] org.springframework.boot.devtools.env.DevToolsPropertyDefaultsPostProcessor:Devtools property defaults active! Set 'spring.devtools.add-properties' to 'false' to disable
2023-02-10 11:21:48,757 INFO  [restartedMain] org.springframework.boot.devtools.env.DevToolsPropertyDefaultsPostProcessor:For additional web related logging consider setting the 'logging.level.web' property to 'DEBUG'
2023-02-10 11:21:49,179 INFO  [restartedMain] org.springframework.data.repository.config.RepositoryConfigurationDelegate:Bootstrapping Spring Data JPA repositories in DEFAULT mode.
2023-02-10 11:21:49,198 INFO  [restartedMain] org.springframework.data.repository.config.RepositoryConfigurationDelegate:Finished Spring Data repository scanning in 15 ms. Found 1 JPA repository interfaces.
2023-02-10 11:21:49,460 INFO  [restartedMain] org.springframework.boot.web.embedded.tomcat.TomcatWebServer:Tomcat initialized with port(s): 8080 (http)
2023-02-10 11:21:49,464 INFO  [restartedMain] org.apache.catalina.core.StandardService:Starting service [Tomcat]
2023-02-10 11:21:49,464 INFO  [restartedMain] org.apache.catalina.core.StandardEngine:Starting Servlet engine: [Apache Tomcat/9.0.56]
2023-02-10 11:21:49,487 INFO  [restartedMain] org.apache.catalina.core.ContainerBase.[Tomcat].[localhost].[/]:Initializing Spring embedded WebApplicationContext
2023-02-10 11:21:49,488 INFO  [restartedMain] org.springframework.boot.web.servlet.context.ServletWebServerApplicationContext:Root WebApplicationContext: initialization completed in 730 ms
2023-02-10 11:21:49,598 INFO  [restartedMain] org.hibernate.jpa.internal.util.LogHelper:HHH000204: Processing PersistenceUnitInfo [name: default]
2023-02-10 11:21:49,617 INFO  [restartedMain] org.hibernate.Version:HHH000412: Hibernate ORM core version 5.6.4.Final
2023-02-10 11:21:49,678 INFO  [restartedMain] org.hibernate.annotations.common.Version:HCANN000001: Hibernate Commons Annotations {5.1.2.Final}
2023-02-10 11:21:49,716 INFO  [restartedMain] com.zaxxer.hikari.HikariDataSource:HikariPool-1 - Starting...
2023-02-10 11:21:49,823 INFO  [restartedMain] com.zaxxer.hikari.HikariDataSource:HikariPool-1 - Start completed.
2023-02-10 11:21:49,830 INFO  [restartedMain] org.hibernate.dialect.Dialect:HHH000400: Using dialect: org.hibernate.dialect.PostgreSQLDialect
2023-02-10 11:21:50,145 INFO  [restartedMain] org.hibernate.engine.transaction.jta.platform.internal.JtaPlatformInitiator:HHH000490: Using JtaPlatform implementation: [org.hibernate.engine.transaction.jta.platform.internal.NoJtaPlatform]
2023-02-10 11:21:50,149 INFO  [restartedMain] org.springframework.orm.jpa.LocalContainerEntityManagerFactoryBean:Initialized JPA EntityManagerFactory for persistence unit 'default'
2023-02-10 11:21:50,347 WARN  [restartedMain] org.springframework.boot.autoconfigure.orm.jpa.JpaBaseConfiguration$JpaWebConfiguration:spring.jpa.open-in-view is enabled by default. Therefore, database queries may be performed during view rendering. Explicitly configure spring.jpa.open-in-view to disable this warning
2023-02-10 11:21:50,605 INFO  [restartedMain] org.springframework.boot.actuate.endpoint.web.EndpointLinksResolver:Exposing 4 endpoint(s) beneath base path '/actuator'
2023-02-10 11:21:50,614 INFO  [restartedMain] org.springframework.security.web.DefaultSecurityFilterChain:Will secure any request with [org.springframework.security.web.context.request.async.WebAsyncManagerIntegrationFilter@4e484ebb, org.springframework.security.web.context.SecurityContextPersistenceFilter@54ac9771, org.springframework.security.web.header.HeaderWriterFilter@1270b564, org.springframework.web.filter.CorsFilter@45f6ccb4, org.springframework.security.web.csrf.CsrfFilter@7ad221ee, org.springframework.security.web.authentication.logout.LogoutFilter@41da62a3, org.springframework.security.web.authentication.UsernamePasswordAuthenticationFilter@77c8867e, org.springframework.security.web.authentication.ui.DefaultLoginPageGeneratingFilter@1d19d364, org.springframework.security.web.authentication.ui.DefaultLogoutPageGeneratingFilter@a1711f3, org.springframework.security.web.authentication.www.BasicAuthenticationFilter@5872fb92, org.springframework.security.web.savedrequest.RequestCacheAwareFilter@49aa0f0e, org.springframework.security.web.servletapi.SecurityContextHolderAwareRequestFilter@c004866, org.springframework.security.web.authentication.AnonymousAuthenticationFilter@69543d1b, org.springframework.security.web.session.SessionManagementFilter@181577a2, org.springframework.security.web.access.ExceptionTranslationFilter@5103b1e4, org.springframework.security.web.access.intercept.FilterSecurityInterceptor@2bad1970]
2023-02-10 11:21:50,646 INFO  [restartedMain] org.springframework.boot.devtools.autoconfigure.OptionalLiveReloadServer:LiveReload server is running on port 35729
2023-02-10 11:21:50,675 INFO  [restartedMain] org.springframework.boot.web.embedded.tomcat.TomcatWebServer:Tomcat started on port(s): 8080 (http) with context path ''
2023-02-10 11:21:50,684 INFO  [restartedMain] com.tpe.SpringBootIntroLstApplications:Started SpringBootIntroLstApplications in 2.191 seconds (JVM running for 2.677)
2023-02-10 11:21:50,782 INFO  [RMI TCP Connection(3)-192.168.178.70] org.apache.catalina.core.ContainerBase.[Tomcat].[localhost].[/]:Initializing Spring DispatcherServlet 'dispatcherServlet'
2023-02-10 11:22:48,317 INFO  [SpringApplicationShutdownHook] org.springframework.orm.jpa.LocalContainerEntityManagerFactoryBean:Closing JPA EntityManagerFactory for persistence unit 'default'
2023-02-10 11:22:48,322 INFO  [SpringApplicationShutdownHook] com.zaxxer.hikari.HikariDataSource:HikariPool-1 - Shutdown initiated...
2023-02-10 11:22:48,324 INFO  [SpringApplicationShutdownHook] com.zaxxer.hikari.HikariDataSource:HikariPool-1 - Shutdown completed.
